2026-06-11T13:46:22.195+07:00  INFO 17264 --- [rikkeibank] [restartedMain] c.e.rikkeibank.RikkeibankApplication     : Starting RikkeibankApplication using Java 17.0.18 with PID 17264 (C:\Users\HP\OneDrive\Desktop\Project\rikkeibank\build\classes\java\main started by HP in C:\Users\HP\OneDrive\Desktop\Project\rikkeibank)
2026-06-11T13:46:22.203+07:00 DEBUG 17264 --- [rikkeibank] [restartedMain] c.e.rikkeibank.RikkeibankApplication     : Running with Spring Boot v3.5.14, Spring v6.2.18
2026-06-11T13:46:22.204+07:00  INFO 17264 --- [rikkeibank] [restartedMain] c.e.rikkeibank.RikkeibankApplication     : No active profile set, falling back to 1 default profile: "default"
2026-06-11T13:46:26.579+07:00  INFO 17264 --- [rikkeibank] [restartedMain] o.apache.catalina.core.StandardService   : Starting service [Tomcat]
2026-06-11T13:46:26.579+07:00  INFO 17264 --- [rikkeibank] [restartedMain] o.apache.catalina.core.StandardEngine    : Starting Servlet engine: [Apache Tomcat/10.1.54]
2026-06-11T13:46:26.658+07:00  INFO 17264 --- [rikkeibank] [restartedMain] o.a.c.c.C.[Tomcat].[localhost].[/]       : Initializing Spring embedded WebApplicationContext
2026-06-11T13:46:27.540+07:00  INFO 17264 --- [rikkeibank] [restartedMain] com.zaxxer.hikari.HikariDataSource       : HikariPool-1 - Starting...
2026-06-11T13:46:28.258+07:00  INFO 17264 --- [rikkeibank] [restartedMain] com.zaxxer.hikari.pool.HikariPool        : HikariPool-1 - Added connection com.mysql.cj.jdbc.ConnectionImpl@21b345b1
2026-06-11T13:46:28.261+07:00  INFO 17264 --- [rikkeibank] [restartedMain] com.zaxxer.hikari.HikariDataSource       : HikariPool-1 - Start completed.
2026-06-11T13:46:28.359+07:00  WARN 17264 --- [rikkeibank] [restartedMain] org.hibernate.orm.deprecation            : HHH90000025: MySQLDialect does not need to be specified explicitly using 'hibernate.dialect' (remove the property setting and it will be selected by default)
2026-06-11T13:46:33.896+07:00 DEBUG 17264 --- [rikkeibank] [restartedMain] c.e.r.security.jwt.JwtTokenFilter        : Filter 'jwtTokenFilter' configured for use
2026-06-11T13:46:34.100+07:00  WARN 17264 --- [rikkeibank] [restartedMain] r$InitializeUserDetailsManagerConfigurer : Global AuthenticationManager configured with an AuthenticationProvider bean. UserDetailsService beans will not be used by Spring Security for automatically configuring username/password login. Consider removing the AuthenticationProvider bean. Alternatively, consider using the UserDetailsService in a manually instantiated DaoAuthenticationProvider. If the current configuration is intentional, to turn off this warning, increase the logging level of 'org.springframework.security.config.annotation.authentication.configuration.InitializeUserDetailsBeanManagerConfigurer' to ERROR
2026-06-11T13:46:35.773+07:00  INFO 17264 --- [rikkeibank] [restartedMain] c.e.rikkeibank.RikkeibankApplication     : Started RikkeibankApplication in 14.337 seconds (process running for 15.733)
2026-06-11T13:47:00.974+07:00  INFO 17264 --- [rikkeibank] [SpringApplicationShutdownHook] com.zaxxer.hikari.HikariDataSource       : HikariPool-1 - Shutdown initiated...
2026-06-11T13:47:00.991+07:00  INFO 17264 --- [rikkeibank] [SpringApplicationShutdownHook] com.zaxxer.hikari.HikariDataSource       : HikariPool-1 - Shutdown completed.
2026-06-11T13:59:16.419+07:00  INFO 14780 --- [rikkeibank] [restartedMain] c.e.rikkeibank.RikkeibankApplication     : Starting RikkeibankApplication using Java 17.0.18 with PID 14780 (C:\Users\HP\OneDrive\Desktop\Project\rikkeibank\build\classes\java\main started by HP in C:\Users\HP\OneDrive\Desktop\Project\rikkeibank)
2026-06-11T13:59:16.421+07:00 DEBUG 14780 --- [rikkeibank] [restartedMain] c.e.rikkeibank.RikkeibankApplication     : Running with Spring Boot v3.5.14, Spring v6.2.18
2026-06-11T13:59:16.422+07:00  INFO 14780 --- [rikkeibank] [restartedMain] c.e.rikkeibank.RikkeibankApplication     : No active profile set, falling back to 1 default profile: "default"
2026-06-11T13:59:21.911+07:00  INFO 14780 --- [rikkeibank] [restartedMain] o.apache.catalina.core.StandardService   : Starting service [Tomcat]
2026-06-11T13:59:21.912+07:00  INFO 14780 --- [rikkeibank] [restartedMain] o.apache.catalina.core.StandardEngine    : Starting Servlet engine: [Apache Tomcat/10.1.54]
2026-06-11T13:59:22.045+07:00  INFO 14780 --- [rikkeibank] [restartedMain] o.a.c.c.C.[Tomcat].[localhost].[/]       : Initializing Spring embedded WebApplicationContext
2026-06-11T13:59:23.407+07:00  INFO 14780 --- [rikkeibank] [restartedMain] com.zaxxer.hikari.HikariDataSource       : HikariPool-1 - Starting...
2026-06-11T13:59:24.417+07:00  INFO 14780 --- [rikkeibank] [restartedMain] com.zaxxer.hikari.pool.HikariPool        : HikariPool-1 - Added connection com.mysql.cj.jdbc.ConnectionImpl@2ffff3d
2026-06-11T13:59:24.421+07:00  INFO 14780 --- [rikkeibank] [restartedMain] com.zaxxer.hikari.HikariDataSource       : HikariPool-1 - Start completed.
2026-06-11T13:59:24.543+07:00  WARN 14780 --- [rikkeibank] [restartedMain] org.hibernate.orm.deprecation            : HHH90000025: MySQLDialect does not need to be specified explicitly using 'hibernate.dialect' (remove the property setting and it will be selected by default)
2026-06-11T13:59:28.670+07:00 DEBUG 14780 --- [rikkeibank] [restartedMain] c.e.r.security.jwt.JwtTokenFilter        : Filter 'jwtTokenFilter' configured for use
2026-06-11T13:59:28.900+07:00  WARN 14780 --- [rikkeibank] [restartedMain] r$InitializeUserDetailsManagerConfigurer : Global AuthenticationManager configured with an AuthenticationProvider bean. UserDetailsService beans will not be used by Spring Security for automatically configuring username/password login. Consider removing the AuthenticationProvider bean. Alternatively, consider using the UserDetailsService in a manually instantiated DaoAuthenticationProvider. If the current configuration is intentional, to turn off this warning, increase the logging level of 'org.springframework.security.config.annotation.authentication.configuration.InitializeUserDetailsBeanManagerConfigurer' to ERROR
2026-06-11T13:59:30.931+07:00  INFO 14780 --- [rikkeibank] [restartedMain] c.e.rikkeibank.RikkeibankApplication     : Started RikkeibankApplication in 15.4 seconds (process running for 16.554)
2026-06-11T13:59:39.285+07:00  INFO 14780 --- [rikkeibank] [SpringApplicationShutdownHook] com.zaxxer.hikari.HikariDataSource       : HikariPool-1 - Shutdown initiated...
2026-06-11T13:59:39.293+07:00  INFO 14780 --- [rikkeibank] [SpringApplicationShutdownHook] com.zaxxer.hikari.HikariDataSource       : HikariPool-1 - Shutdown completed.
